<?xml version="1.0" encoding="UTF-8"?>
<!-- Generated by org.testng.reporters.JUnitXMLReporter -->
<testsuite ignored="0" hostname="DESKTOP-FMLQ74F" failures="0" tests="4" name="Test2" time="95.087" errors="0" timestamp="2025-10-11T15:40:40 IST">
  <testcase classname="testScript.LoginTest" name="verifyWetherUserIsAbleToLoginWithValidCredentials" time="4.694"/>
  <testcase classname="testScript.LoginTest" name="verifyWetherUserIsAbleToLoginWithValidUsernameAndInvalidPassword" time="2.07"/>
  <testcase classname="testScript.LoginTest" name="verifyWetherUserIsAbleToLoginWithInvalidUsernameAndValidPassword" time="2.171"/>
  <testcase classname="testScript.LoginTest" name="verifyWetherUserIsAbleToLoginWithInvalidUsernameAndInvalidPassword" time="0.001">
    <skipped/>
  </testcase> <!-- verifyWetherUserIsAbleToLoginWithInvalidUsernameAndInvalidPassword -->
</testsuite> <!-- Test2 -->
