<?xml version="1.0" encoding="UTF-8"?>
<!-- Generated by org.testng.reporters.JUnitXMLReporter -->
<testsuite ignored="0" hostname="DESKTOP-FMLQ74F" failures="0" tests="4" name="Test1" time="23.303" errors="0" timestamp="2025-10-11T15:39:05 IST">
  <testcase classname="testScript.LoginTest" name="verifyWetherUserIsAbleToLoginWithValidCredentials" time="3.473"/>
  <testcase classname="testScript.LoginTest" name="verifyWetherUserIsAbleToLoginWithValidUsernameAndInvalidPassword" time="1.022"/>
  <testcase classname="testScript.LoginTest" name="verifyWetherUserIsAbleToLoginWithInvalidUsernameAndValidPassword" time="1.447"/>
  <testcase classname="testScript.LoginTest" name="verifyWetherUserIsAbleToLoginWithInvalidUsernameAndInvalidPassword" time="1.417"/>
</testsuite> <!-- Test1 -->
