<?xml version="1.0" encoding="UTF-8"?>
<!-- Generated by org.testng.reporters.JUnitXMLReporter -->
<testsuite ignored="0" hostname="DESKTOP-FMLQ74F" failures="0" tests="4" name="Test" time="29.632" errors="0" timestamp="2025-10-09T14:21:55 IST">
  <testcase classname="testScript.LoginTest" name="verifyWetherUserIsAbleToLoginWithValidCredentials" time="4.316"/>
  <testcase classname="testScript.LoginTest" name="verifyWetherUserIsAbleToLoginWithValidUsernameAndInvalidPassword" time="2.1"/>
  <testcase classname="testScript.LoginTest" name="verifyWetherUserIsAbleToLoginWithInvalidUsernameAndValidPassword" time="1.501"/>
  <testcase classname="testScript.LoginTest" name="verifyWetherUserIsAbleToLoginWithInvalidUsernameAndInvalidPassword" time="2.719"/>
</testsuite> <!-- Test -->
