<?xml version="1.0" encoding="UTF-8"?>
<!-- Generated by org.testng.reporters.JUnitXMLReporter -->
<testsuite ignored="3" hostname="DESKTOP-FMLQ74F" failures="0" tests="1" name="Test" time="11.142" errors="0" timestamp="2025-10-09T13:47:53 IST">
  <testcase classname="testScript.LoginTest" name="verifyWetherUserIsAbleToLoginWithValidCredentials" time="5.343"/>
  <testcase classname="testScript.LoginTest" name="verifyWetherUserIsAbleToLoginWithInvalidUsernameAndValidPassword" time="0.0">
    <ignored/>
  </testcase> <!-- verifyWetherUserIsAbleToLoginWithInvalidUsernameAndValidPassword -->
  <testcase classname="testScript.LoginTest" name="verifyWetherUserIsAbleToLoginWithValidUsernameAndInvalidPassword" time="0.0">
    <ignored/>
  </testcase> <!-- verifyWetherUserIsAbleToLoginWithValidUsernameAndInvalidPassword -->
  <testcase classname="testScript.LoginTest" name="verifyWetherUserIsAbleToLoginWithInvalidUsernameAndInvalidPassword" time="0.0">
    <ignored/>
  </testcase> <!-- verifyWetherUserIsAbleToLoginWithInvalidUsernameAndInvalidPassword -->
</testsuite> <!-- Test -->
