<?xml version="1.0" encoding="UTF-8"?>
<testng-results ignored="0" total="1" passed="1" failed="0" skipped="0">
  <reporter-output>
  </reporter-output>
  <suite started-at="2025-10-07T18:15:36 IST" name="Default suite" finished-at="2025-10-07T18:15:46 IST" duration-ms="9293">
    <groups>
    </groups>
    <test started-at="2025-10-07T18:15:36 IST" name="Default test" finished-at="2025-10-07T18:15:46 IST" duration-ms="9293">
      <class name="testScript.ManageTest">
        <test-method is-config="true" signature="initialiZEBrowser()[pri:0, instance:testScript.ManageTest@7b2bbc3]" started-at="2025-10-07T18:15:36 IST" name="initialiZEBrowser" finished-at="2025-10-07T18:15:41 IST" duration-ms="4894" status="PASS">
          <reporter-output>
          </reporter-output>
        </test-method> <!-- initialiZEBrowser -->
        <test-method signature="verifyWhetherUserIsAbleToSearchAddedNews()[pri:0, instance:testScript.ManageTest@7b2bbc3]" started-at="2025-10-07T18:15:41 IST" name="verifyWhetherUserIsAbleToSearchAddedNews" finished-at="2025-10-07T18:15:46 IST" duration-ms="4303" status="PASS">
          <reporter-output>
          </reporter-output>
        </test-method> <!-- verifyWhetherUserIsAbleToSearchAddedNews -->
        <test-method is-config="true" signature="driverQuit(org.testng.ITestResult)[pri:0, instance:testScript.ManageTest@7b2bbc3]" started-at="2025-10-07T18:15:46 IST" name="driverQuit" finished-at="2025-10-07T18:15:46 IST" duration-ms="5" status="PASS">
          <params>
            <param index="0">
              <value>
                <![CDATA[[TestResult name=verifyWhetherUserIsAbleToSearchAddedNews status=SUCCESS method=ManageTest.verifyWhetherUserIsAbleToSearchAddedNews()[pri:0, instance:testScript.ManageTest@7b2bbc3] output={null}]]]>
              </value>
            </param>
          </params>
          <reporter-output>
          </reporter-output>
        </test-method> <!-- driverQuit -->
      </class> <!-- testScript.ManageTest -->
    </test> <!-- Default test -->
  </suite> <!-- Default suite -->
</testng-results>
