<?xml version="1.0" encoding="UTF-8"?>
<testng-results ignored="0" total="1" passed="1" failed="0" skipped="0">
  <reporter-output>
  </reporter-output>
  <suite started-at="2025-10-02T19:08:00 IST" name="Default suite" finished-at="2025-10-02T19:08:08 IST" duration-ms="8054">
    <groups>
    </groups>
    <test started-at="2025-10-02T19:08:00 IST" name="Default test" finished-at="2025-10-02T19:08:08 IST" duration-ms="8054">
      <class name="testScript.Login_Test">
        <test-method is-config="true" signature="initialiZEBrowser()[pri:0, instance:testScript.Login_Test@459e9125]" started-at="2025-10-02T19:08:00 IST" name="initialiZEBrowser" finished-at="2025-10-02T19:08:05 IST" duration-ms="4819" status="PASS">
          <reporter-output>
          </reporter-output>
        </test-method> <!-- initialiZEBrowser -->
        <test-method signature="verifyLoginWithvalidUsernameInvalidPassword()[pri:0, instance:testScript.Login_Test@459e9125]" started-at="2025-10-02T19:08:05 IST" name="verifyLoginWithvalidUsernameInvalidPassword" finished-at="2025-10-02T19:08:08 IST" duration-ms="3129" status="PASS">
          <reporter-output>
          </reporter-output>
        </test-method> <!-- verifyLoginWithvalidUsernameInvalidPassword -->
        <test-method is-config="true" signature="driverClose()[pri:0, instance:testScript.Login_Test@459e9125]" started-at="2025-10-02T19:08:08 IST" name="driverClose" finished-at="2025-10-02T19:08:08 IST" duration-ms="1" status="PASS">
          <reporter-output>
          </reporter-output>
        </test-method> <!-- driverClose -->
      </class> <!-- testScript.Login_Test -->
    </test> <!-- Default test -->
  </suite> <!-- Default suite -->
</testng-results>
