<?xml version="1.0" encoding="UTF-8"?>
<testng-results ignored="0" total="2" passed="2" failed="0" skipped="0">
  <reporter-output>
  </reporter-output>
  <suite started-at="2025-10-11T17:13:49 IST" name="Suite" finished-at="2025-10-11T17:14:02 IST" duration-ms="13172">
    <groups>
      <group name="smoke">
        <method signature="LoginTest.verifyWetherUserIsAbleToLoginWithInvalidUsernameAndInvalidPassword(java.lang.String,java.lang.String)[pri:4, instance:testScript.LoginTest@4470fbd6]" name="verifyWetherUserIsAbleToLoginWithInvalidUsernameAndInvalidPassword" class="testScript.LoginTest"/>
      </group> <!-- smoke -->
    </groups>
    <test started-at="2025-10-11T17:13:49 IST" name="Test" finished-at="2025-10-11T17:14:02 IST" duration-ms="13172">
      <class name="testScript.LoginTest">
        <test-method is-config="true" signature="initialiZEBrowser(java.lang.String)[pri:0, instance:testScript.LoginTest@4470fbd6]" started-at="2025-10-11T17:13:49 IST" name="initialiZEBrowser" finished-at="2025-10-11T17:13:55 IST" duration-ms="5889" status="PASS">
          <params>
            <param index="0">
              <value>
                <![CDATA[chrome]]>
              </value>
            </param>
          </params>
          <reporter-output>
          </reporter-output>
        </test-method> <!-- initialiZEBrowser -->
        <test-method signature="verifyWetherUserIsAbleToLoginWithInvalidUsernameAndInvalidPassword(java.lang.String,java.lang.String)[pri:4, instance:testScript.LoginTest@4470fbd6]" started-at="2025-10-11T17:13:55 IST" name="verifyWetherUserIsAbleToLoginWithInvalidUsernameAndInvalidPassword" data-provider="loginProvider" finished-at="2025-10-11T17:13:57 IST" duration-ms="1553" status="PASS">
          <params>
            <param index="0">
              <value>
                <![CDATA[admin]]>
              </value>
            </param>
            <param index="1">
              <value>
                <![CDATA[admin22]]>
              </value>
            </param>
          </params>
          <reporter-output>
          </reporter-output>
        </test-method> <!-- verifyWetherUserIsAbleToLoginWithInvalidUsernameAndInvalidPassword -->
        <test-method is-config="true" signature="driverQuit(org.testng.ITestResult)[pri:0, instance:testScript.LoginTest@4470fbd6]" started-at="2025-10-11T17:13:57 IST" name="driverQuit" finished-at="2025-10-11T17:13:57 IST" duration-ms="2" status="PASS">
          <params>
            <param index="0">
              <value>
                <![CDATA[[TestResult name=verifyWetherUserIsAbleToLoginWithInvalidUsernameAndInvalidPassword status=SUCCESS method=LoginTest.verifyWetherUserIsAbleToLoginWithInvalidUsernameAndInvalidPassword(java.lang.String,java.lang.String)[pri:4, instance:testScript.LoginTest@4470fbd6] output={null}]]]>
              </value>
            </param>
          </params>
          <reporter-output>
          </reporter-output>
        </test-method> <!-- driverQuit -->
        <test-method is-config="true" signature="initialiZEBrowser(java.lang.String)[pri:0, instance:testScript.LoginTest@4470fbd6]" started-at="2025-10-11T17:13:57 IST" name="initialiZEBrowser" finished-at="2025-10-11T17:14:01 IST" duration-ms="4466" status="PASS">
          <params>
            <param index="0">
              <value>
                <![CDATA[chrome]]>
              </value>
            </param>
          </params>
          <reporter-output>
          </reporter-output>
        </test-method> <!-- initialiZEBrowser -->
        <test-method signature="verifyWetherUserIsAbleToLoginWithInvalidUsernameAndInvalidPassword(java.lang.String,java.lang.String)[pri:4, instance:testScript.LoginTest@4470fbd6]" started-at="2025-10-11T17:14:01 IST" name="verifyWetherUserIsAbleToLoginWithInvalidUsernameAndInvalidPassword" data-provider="loginProvider" finished-at="2025-10-11T17:14:02 IST" duration-ms="1115" status="PASS">
          <params>
            <param index="0">
              <value>
                <![CDATA[admin123]]>
              </value>
            </param>
            <param index="1">
              <value>
                <![CDATA[123]]>
              </value>
            </param>
          </params>
          <reporter-output>
          </reporter-output>
        </test-method> <!-- verifyWetherUserIsAbleToLoginWithInvalidUsernameAndInvalidPassword -->
        <test-method is-config="true" signature="driverQuit(org.testng.ITestResult)[pri:0, instance:testScript.LoginTest@4470fbd6]" started-at="2025-10-11T17:14:02 IST" name="driverQuit" finished-at="2025-10-11T17:14:02 IST" duration-ms="1" status="PASS">
          <params>
            <param index="0">
              <value>
                <![CDATA[[TestResult name=verifyWetherUserIsAbleToLoginWithInvalidUsernameAndInvalidPassword status=SUCCESS method=LoginTest.verifyWetherUserIsAbleToLoginWithInvalidUsernameAndInvalidPassword(java.lang.String,java.lang.String)[pri:4, instance:testScript.LoginTest@4470fbd6] output={null}]]]>
              </value>
            </param>
          </params>
          <reporter-output>
          </reporter-output>
        </test-method> <!-- driverQuit -->
      </class> <!-- testScript.LoginTest -->
    </test> <!-- Test -->
  </suite> <!-- Suite -->
</testng-results>
