<?xml version="1.0" encoding="UTF-8"?>
<testng-results ignored="0" total="1" passed="1" failed="0" skipped="0">
  <reporter-output>
  </reporter-output>
  <suite started-at="2025-10-09T13:47:41 IST" name="Suite" finished-at="2025-10-09T13:47:52 IST" duration-ms="11142">
    <groups>
    </groups>
    <test started-at="2025-10-09T13:47:41 IST" name="Test" finished-at="2025-10-09T13:47:52 IST" duration-ms="11142">
      <class name="testScript.LoginTest">
        <test-method is-config="true" signature="initialiZEBrowser()[pri:0, instance:testScript.LoginTest@46d59067]" started-at="2025-10-09T13:47:41 IST" name="initialiZEBrowser" finished-at="2025-10-09T13:47:47 IST" duration-ms="5591" status="PASS">
          <reporter-output>
          </reporter-output>
        </test-method> <!-- initialiZEBrowser -->
        <test-method signature="verifyWetherUserIsAbleToLoginWithValidCredentials()[pri:0, instance:testScript.LoginTest@46d59067]" started-at="2025-10-09T13:47:47 IST" name="verifyWetherUserIsAbleToLoginWithValidCredentials" finished-at="2025-10-09T13:47:52 IST" duration-ms="5343" status="PASS">
          <reporter-output>
          </reporter-output>
        </test-method> <!-- verifyWetherUserIsAbleToLoginWithValidCredentials -->
        <test-method is-config="true" signature="driverQuit(org.testng.ITestResult)[pri:0, instance:testScript.LoginTest@46d59067]" started-at="2025-10-09T13:47:52 IST" name="driverQuit" finished-at="2025-10-09T13:47:52 IST" duration-ms="10" status="PASS">
          <params>
            <param index="0">
              <value>
                <![CDATA[[TestResult name=verifyWetherUserIsAbleToLoginWithValidCredentials status=SUCCESS method=LoginTest.verifyWetherUserIsAbleToLoginWithValidCredentials()[pri:0, instance:testScript.LoginTest@46d59067] output={null}]]]>
              </value>
            </param>
          </params>
          <reporter-output>
          </reporter-output>
        </test-method> <!-- driverQuit -->
      </class> <!-- testScript.LoginTest -->
    </test> <!-- Test -->
  </suite> <!-- Suite -->
</testng-results>
