<?xml version="1.0" encoding="UTF-8"?>
<testng-results ignored="0" total="1" passed="1" failed="0" skipped="0">
  <reporter-output>
  </reporter-output>
  <suite started-at="2025-10-16T16:08:40 IST" name="Suite" finished-at="2025-10-16T16:08:50 IST" duration-ms="9254">
    <groups>
    </groups>
    <test started-at="2025-10-16T16:08:40 IST" name="Test" finished-at="2025-10-16T16:08:50 IST" duration-ms="9254">
      <class name="testScript.ManageTest">
        <test-method is-config="true" signature="initialiZEBrowser(java.lang.String)[pri:0, instance:testScript.ManageTest@776aec5c]" started-at="2025-10-16T16:08:40 IST" name="initialiZEBrowser" finished-at="2025-10-16T16:08:45 IST" duration-ms="4190" status="PASS">
          <params>
            <param index="0">
              <value>
                <![CDATA[chrome]]>
              </value>
            </param>
          </params>
          <reporter-output>
          </reporter-output>
        </test-method> <!-- initialiZEBrowser -->
        <test-method signature="verifyWhetherUserIsAbleToAddNewNews()[pri:0, instance:testScript.ManageTest@776aec5c]" started-at="2025-10-16T16:08:45 IST" name="verifyWhetherUserIsAbleToAddNewNews" finished-at="2025-10-16T16:08:50 IST" duration-ms="4973" status="PASS">
          <reporter-output>
          </reporter-output>
        </test-method> <!-- verifyWhetherUserIsAbleToAddNewNews -->
        <test-method is-config="true" signature="driverQuit(org.testng.ITestResult)[pri:0, instance:testScript.ManageTest@776aec5c]" started-at="2025-10-16T16:08:50 IST" name="driverQuit" finished-at="2025-10-16T16:08:50 IST" duration-ms="5" status="PASS">
          <params>
            <param index="0">
              <value>
                <![CDATA[[TestResult name=verifyWhetherUserIsAbleToAddNewNews status=SUCCESS method=ManageTest.verifyWhetherUserIsAbleToAddNewNews()[pri:0, instance:testScript.ManageTest@776aec5c] output={null}]]]>
              </value>
            </param>
          </params>
          <reporter-output>
          </reporter-output>
        </test-method> <!-- driverQuit -->
      </class> <!-- testScript.ManageTest -->
    </test> <!-- Test -->
  </suite> <!-- Suite -->
</testng-results>
