<?xml version="1.0" encoding="UTF-8"?>
<!-- Generated by org.testng.reporters.JUnitXMLReporter -->
<testsuite ignored="3" hostname="DESKTOP-FMLQ74F" failures="0" tests="1" name="Default test" time="8.054" errors="0" timestamp="2025-10-02T19:08:08 IST">
  <testcase classname="testScript.Login_Test" name="verifyLoginWithvalidUsernameInvalidPassword" time="3.129"/>
  <testcase classname="testScript.Login_Test" name="verifyLoginWithValidCredential" time="0.0">
    <ignored/>
  </testcase> <!-- verifyLoginWithValidCredential -->
  <testcase classname="testScript.Login_Test" name="verifyInvalidUsernameValidPassword" time="0.0">
    <ignored/>
  </testcase> <!-- verifyInvalidUsernameValidPassword -->
  <testcase classname="testScript.Login_Test" name="verifyLoginWithInvalidCredentials" time="0.0">
    <ignored/>
  </testcase> <!-- verifyLoginWithInvalidCredentials -->
</testsuite> <!-- Default test -->
